\BOOKMARK [0][-]{chapter*.4}{\376\377\004\022\004\022\004\025\004\024\004\025\004\035\004\030\004\025}{}% 1
\BOOKMARK [0][-]{chapter.1}{\376\377\004\020\004\075\004\060\004\073\004\070\004\102\004\070\004\107\004\065\004\101\004\072\004\070\004\071\000\040\004\100\004\060\004\067\004\064\004\065\004\073}{}% 2
\BOOKMARK [1][-]{section.1.1}{\376\377\004\020\004\075\004\060\004\073\004\070\004\067\000\040\004\077\004\100\004\065\004\064\004\074\004\065\004\102\004\075\004\076\004\071\000\040\004\076\004\061\004\073\004\060\004\101\004\102\004\070}{chapter.1}% 3
\BOOKMARK [2][-]{subsection.1.1.1}{\376\377\004\034\004\076\004\064\004\065\004\073\004\070\000\040\004\060\004\102\004\060\004\072}{section.1.1}% 4
\BOOKMARK [2][-]{subsection.1.1.2}{\376\377\004\032\004\073\004\060\004\101\004\101\004\070\004\104\004\070\004\072\004\060\004\106\004\070\004\117\000\040\004\101\004\065\004\102\004\065\004\062\004\113\004\105\000\040\004\060\004\102\004\060\004\072}{section.1.1}% 5
\BOOKMARK [1][-]{section.1.2}{\376\377\004\032\004\073\004\060\004\101\004\101\004\070\004\104\004\070\004\072\004\060\004\106\004\070\004\117\000\040\004\074\004\065\004\102\004\076\004\064\004\076\004\062\000\040\004\076\004\061\004\075\004\060\004\100\004\103\004\066\004\065\004\075\004\070\004\117\000\040\004\101\004\065\004\102\004\065\004\062\004\113\004\105\000\040\004\060\004\102\004\060\004\072}{chapter.1}% 6
\BOOKMARK [2][-]{subsection.1.2.1}{\376\377\004\034\004\065\004\102\004\076\004\064\004\113\000\040\004\101\004\102\004\060\004\102\004\070\004\101\004\102\004\070\004\107\004\065\004\101\004\072\004\076\004\063\004\076\000\040\004\060\004\075\004\060\004\073\004\070\004\067\004\060}{section.1.2}% 7
\BOOKMARK [2][-]{subsection.1.2.2}{\376\377\004\034\004\065\004\102\004\076\004\064\004\113\000\040\004\075\004\060\000\040\004\076\004\101\004\075\004\076\004\062\004\065\000\040\004\067\004\075\004\060\004\075\004\070\004\071}{section.1.2}% 8
\BOOKMARK [2][-]{subsection.1.2.3}{\376\377\004\034\004\065\004\102\004\076\004\064\004\113\000\040\004\074\004\060\004\110\004\070\004\075\004\075\004\076\004\063\004\076\000\040\004\076\004\061\004\103\004\107\004\065\004\075\004\070\004\117}{section.1.2}% 9
\BOOKMARK [1][-]{section.1.3}{\376\377\004\035\004\065\004\071\004\100\004\076\004\075\004\075\004\113\004\065\000\040\004\101\004\065\004\102\004\070}{chapter.1}% 10
\BOOKMARK [2][-]{subsection.1.3.1}{\376\377\004\037\004\100\004\070\004\075\004\106\004\070\004\077\000\040\004\100\004\060\004\061\004\076\004\102\004\113\000\040\004\075\004\065\004\071\004\100\004\076\004\075\004\075\004\113\004\105\000\040\004\101\004\065\004\102\004\065\004\071}{section.1.3}% 11
\BOOKMARK [2][-]{subsection.1.3.2}{\376\377\004\020\004\100\004\105\004\070\004\102\004\065\004\072\004\102\004\103\004\100\004\113\000\040\004\075\004\065\004\071\004\100\004\076\004\075\004\075\004\113\004\105\000\040\004\101\004\065\004\102\004\065\004\071}{section.1.3}% 12
\BOOKMARK [1][-]{section.1.4}{\376\377\004\037\004\076\004\101\004\102\004\060\004\075\004\076\004\062\004\072\004\060\000\040\004\067\004\060\004\064\004\060\004\107\004\070}{chapter.1}% 13
\BOOKMARK [1][-]{section.1.5}{\376\377\004\037\004\100\004\070\004\074\004\065\004\075\004\065\004\075\004\070\004\065\000\040\004\074\004\060\004\110\004\070\004\075\004\075\004\076\004\063\004\076\000\040\004\076\004\061\004\103\004\107\004\065\004\075\004\070\004\117\000\040\004\062\000\040\004\072\004\060\004\107\004\065\004\101\004\102\004\062\004\065\000\040\004\072\004\073\004\060\004\101\004\101\004\070\004\104\004\070\004\072\004\060\004\102\004\076\004\100\004\060\000\040\004\101\004\065\004\102\004\065\004\062\004\113\004\105\000\040\004\060\004\102\004\060\004\072}{chapter.1}% 14
\BOOKMARK [2][-]{subsection.1.5.1}{\376\377\004\034\004\065\004\102\004\076\004\064\000\040\004\076\004\077\004\076\004\100\004\075\004\113\004\105\000\040\004\062\004\065\004\072\004\102\004\076\004\100\004\076\004\062}{section.1.5}% 15
\BOOKMARK [2][-]{subsection.1.5.2}{\376\377\004\020\004\073\004\063\004\076\004\100\004\070\004\102\004\074\000\040\004\075\004\060\004\070\004\062\004\075\004\076\004\071\000\040\004\021\004\060\004\071\004\065\004\101\004\076\004\062\004\101\004\072\004\076\004\071\000\040\004\072\004\073\004\060\004\101\004\101\004\070\004\104\004\070\004\072\004\060\004\106\004\070\004\070}{section.1.5}% 16
\BOOKMARK [2][-]{subsection.1.5.3}{\376\377\004\034\004\065\004\102\004\076\004\064\000\040\004\064\004\065\004\100\004\065\004\062\004\114\004\065\004\062\000\040\004\077\004\100\004\070\004\075\004\117\004\102\004\070\004\117\000\040\004\100\004\065\004\110\004\065\004\075\004\070\004\071}{section.1.5}% 17
\BOOKMARK [2][-]{subsection.1.5.4}{\376\377\004\034\004\065\004\102\004\076\004\064\000\040\004\076\004\061\004\100\004\060\004\102\004\075\004\076\004\063\004\076\000\040\004\100\004\060\004\101\004\077\004\100\004\076\004\101\004\102\004\100\004\060\004\075\004\065\004\075\004\070\004\117\000\040\004\076\004\110\004\070\004\061\004\072\004\070\000\040\004\064\004\073\004\117\000\040\004\076\004\061\004\103\004\107\004\065\004\075\004\070\004\117\000\040\004\075\004\065\004\071\004\100\004\076\004\075\004\075\004\113\004\105\000\040\004\101\004\065\004\102\004\065\004\071}{section.1.5}% 18
\BOOKMARK [2][-]{subsection.1.5.5}{\376\377\004\034\004\065\004\102\004\076\004\064\000\040\000k\000-\004\061\004\073\004\070\004\066\004\060\004\071\004\110\004\070\004\105\000\040\004\101\004\076\004\101\004\065\004\064\004\065\004\071}{section.1.5}% 19
\BOOKMARK [1][-]{section.1.6}{\376\377\004\041\004\100\004\060\004\062\004\075\004\065\004\075\004\070\004\065\000\040\004\100\004\060\004\101\004\101\004\074\004\076\004\102\004\100\004\065\004\075\004\075\004\113\004\105\000\040\004\074\004\065\004\102\004\076\004\064\004\076\004\062}{chapter.1}% 20
\BOOKMARK [2][-]{subsection.1.6.1}{\376\377\004\020\004\072\004\072\004\103\004\100\004\060\004\102\004\075\004\076\004\101\004\102\004\114}{section.1.6}% 21
\BOOKMARK [2][-]{subsection.1.6.2}{\376\377\004\042\004\076\004\107\004\075\004\076\004\101\004\102\004\114}{section.1.6}% 22
\BOOKMARK [2][-]{subsection.1.6.3}{\376\377\004\037\004\076\004\073\004\075\004\076\004\102\004\060}{section.1.6}% 23
\BOOKMARK [2][-]{subsection.1.6.4}{\376\377\000F\000-\004\074\004\065\004\100\004\060}{section.1.6}% 24
\BOOKMARK [2][-]{subsection.1.6.5}{\376\377\004\040\004\065\004\067\004\103\004\073\004\114\004\102\004\060\004\102\004\113\000\040\004\101\004\100\004\060\004\062\004\075\004\065\004\075\004\070\004\071}{section.1.6}% 25
\BOOKMARK [1][-]{section.1.7}{\376\377\004\022\004\113\004\062\004\076\004\064}{chapter.1}% 26
\BOOKMARK [0][-]{chapter.2}{\376\377\004\032\004\076\004\075\004\101\004\102\004\100\004\103\004\072\004\102\004\076\004\100\004\101\004\072\004\070\004\071\000\040\004\100\004\060\004\067\004\064\004\065\004\073}{}% 27
\BOOKMARK [1][-]{section.2.1}{\376\377\004\042\004\100\004\065\004\061\004\076\004\062\004\060\004\075\004\070\004\117\000\040\004\072\000\040\004\100\004\060\004\067\004\100\004\060\004\061\004\060\004\102\004\113\004\062\004\060\004\065\004\074\004\076\004\074\004\103\000\040\004\074\004\065\004\102\004\076\004\064\004\103}{chapter.2}% 28
\BOOKMARK [1][-]{section.2.2}{\376\377\004\042\004\100\004\065\004\061\004\076\004\062\004\060\004\075\004\070\004\117\000\040\004\072\000\040\004\100\004\060\004\067\004\100\004\060\004\061\004\060\004\102\004\113\004\062\004\060\004\065\004\074\004\076\004\074\004\103\000\040\004\077\004\100\004\076\004\063\004\100\004\060\004\074\004\074\004\075\004\076\004\074\004\103\000\040\004\072\004\076\004\074\004\077\004\073\004\065\004\072\004\101\004\103}{chapter.2}% 29
\BOOKMARK [1][-]{section.2.3}{\376\377\004\035\004\060\004\061\004\076\004\100\000\040\004\064\004\060\004\075\004\075\004\113\004\105\000\040\000C\000I\000C\000I\000D\000S\0002\0000\0001\0007}{chapter.2}% 30
\BOOKMARK [1][-]{section.2.4}{\376\377\004\041\004\102\004\100\004\103\004\072\004\102\004\103\004\100\004\060\000\040\004\100\004\060\004\067\004\100\004\060\004\061\004\060\004\102\004\113\004\062\004\060\004\065\004\074\004\076\004\063\004\076\000\040\004\077\004\100\004\076\004\063\004\100\004\060\004\074\004\074\004\075\004\076\004\063\004\076\000\040\004\072\004\076\004\074\004\077\004\073\004\065\004\072\004\101\004\060}{chapter.2}% 31
\BOOKMARK [1][-]{section.2.5}{\376\377\004\041\004\102\004\100\004\103\004\072\004\102\004\103\004\100\004\060\000\040\004\074\004\075\004\076\004\063\004\076\004\101\004\073\004\076\004\071\004\075\004\076\004\071\000\040\004\075\004\065\004\071\004\100\004\076\004\075\004\075\004\076\004\071\000\040\004\101\004\065\004\102\004\070}{chapter.2}% 32
\BOOKMARK [1][-]{section.2.6}{\376\377\004\022\004\113\004\062\004\076\004\064}{chapter.2}% 33
\BOOKMARK [0][-]{chapter.3}{\376\377\004\042\004\065\004\105\004\075\004\076\004\073\004\076\004\063\004\070\004\107\004\065\004\101\004\072\004\070\004\071\000\040\004\100\004\060\004\067\004\064\004\065\004\073}{}% 34
\BOOKMARK [1][-]{section.3.1}{\376\377\004\041\004\100\004\065\004\064\004\101\004\102\004\062\004\060\000\040\004\100\004\065\004\060\004\073\004\070\004\067\004\060\004\106\004\070\004\070\000\040\004\077\004\100\004\076\004\063\004\100\004\060\004\074\004\074\004\075\004\076\004\063\004\076\000\040\004\072\004\076\004\074\004\077\004\073\004\065\004\072\004\101\004\060}{chapter.3}% 35
\BOOKMARK [2][-]{subsection.3.1.1}{\376\377\004\022\004\113\004\061\004\076\004\100\000\040\004\117\004\067\004\113\004\072\004\060\000\040\004\077\004\100\004\076\004\063\004\100\004\060\004\074\004\074\004\070\004\100\004\076\004\062\004\060\004\075\004\070\004\117}{section.3.1}% 36
\BOOKMARK [2][-]{subsection.3.1.2}{\376\377\004\030\004\101\004\077\004\076\004\073\004\114\004\067\004\103\004\065\004\074\004\113\004\065\000\040\004\061\004\070\004\061\004\073\004\070\004\076\004\102\004\065\004\072\004\070}{section.3.1}% 37
\BOOKMARK [1][-]{section.3.2}{\376\377\004\034\004\070\004\075\004\070\004\074\004\060\004\073\004\114\004\075\004\113\004\065\000\040\004\102\004\100\004\065\004\061\004\076\004\062\004\060\004\075\004\070\004\117\000\040\004\072\000\040\004\062\004\113\004\107\004\070\004\101\004\073\004\070\004\102\004\065\004\073\004\114\004\075\004\076\004\071\000\040\004\101\004\070\004\101\004\102\004\065\004\074\004\065}{chapter.3}% 38
\BOOKMARK [1][-]{section.3.3}{\376\377\004\044\004\076\004\100\004\074\004\060\004\102\000\040\004\062\004\105\004\076\004\064\004\075\004\113\004\105\000\040\004\064\004\060\004\075\004\075\004\113\004\105}{chapter.3}% 39
\BOOKMARK [1][-]{section.3.4}{\376\377\004\044\004\076\004\100\004\074\004\060\004\102\000\040\004\062\004\113\004\105\004\076\004\064\004\075\004\113\004\105\000\040\004\064\004\060\004\075\004\075\004\113\004\105}{chapter.3}% 40
\BOOKMARK [1][-]{section.3.5}{\376\377\004\041\004\102\004\100\004\103\004\072\004\102\004\103\004\100\004\060\000\040\004\100\004\060\004\067\004\100\004\060\004\061\004\076\004\102\004\060\004\075\004\075\004\076\004\063\004\076\000\040\004\037\004\036}{chapter.3}% 41
\BOOKMARK [1][-]{section.3.6}{\376\377\004\043\004\101\004\102\004\060\004\075\004\076\004\062\004\072\004\060\000\040\004\077\004\100\004\076\004\063\004\100\004\060\004\074\004\074\004\075\004\076\004\063\004\076\000\040\004\076\004\061\004\065\004\101\004\077\004\065\004\107\004\065\004\075\004\070\004\117}{chapter.3}% 42
\BOOKMARK [1][-]{section.3.7}{\376\377\004\037\004\076\004\073\004\114\004\067\004\076\004\062\004\060\004\102\004\065\004\073\004\114\004\101\004\072\004\070\004\071\000\040\004\070\004\075\004\102\004\065\004\100\004\104\004\065\004\071\004\101}{chapter.3}% 43
\BOOKMARK [1][-]{section.3.8}{\376\377\004\042\004\065\004\101\004\102\004\070\004\100\004\076\004\062\004\060\004\075\004\070\004\065\000\040\004\077\004\100\004\076\004\063\004\100\004\060\004\074\004\074\004\075\004\076\004\063\004\076\000\040\004\076\004\061\004\065\004\101\004\077\004\065\004\107\004\065\004\075\004\070\004\117}{chapter.3}% 44
\BOOKMARK [1][-]{section.3.9}{\376\377\004\022\004\113\004\062\004\076\004\064}{chapter.3}% 45
\BOOKMARK [0][-]{chapter.4}{\376\377\004\030\004\101\004\101\004\073\004\065\004\064\004\076\004\062\004\060\004\102\004\065\004\073\004\114\004\101\004\072\004\070\004\071\000\040\004\100\004\060\004\067\004\064\004\065\004\073}{}% 46
\BOOKMARK [1][-]{section.4.1}{\376\377\004\022\004\113\004\061\004\076\004\100\004\072\004\060\000\040\004\064\004\060\004\075\004\075\004\113\004\105}{chapter.4}% 47
\BOOKMARK [1][-]{section.4.2}{\376\377\004\027\004\060\004\062\004\070\004\101\004\070\004\074\004\076\004\101\004\102\004\114\000\040\004\102\004\076\004\107\004\075\004\076\004\101\004\102\004\070\000\040\004\070\000\040\004\077\004\076\004\102\004\065\004\100\004\114\000\040\004\074\004\076\004\064\004\065\004\073\004\070\000\040\004\076\004\102\000\040\004\072\004\076\004\073\004\070\004\107\004\065\004\101\004\102\004\062\004\060\000\040\004\115\004\077\004\076\004\105}{chapter.4}% 48
\BOOKMARK [1][-]{section.4.3}{\376\377\004\027\004\060\004\062\004\070\004\101\004\070\004\074\004\076\004\101\004\102\004\114\000\040\004\102\004\076\004\107\004\075\004\076\004\101\004\102\004\070\000\040\004\074\004\076\004\064\004\065\004\073\004\070\000\040\004\076\004\102\000\040\004\072\004\073\004\060\004\101\004\101\004\060\000\040\004\101\004\065\004\102\004\065\004\062\004\076\004\071\000\040\004\060\004\102\004\060\004\072\004\070\000\040\004\070\000\040\004\072\004\076\004\073\004\070\004\107\004\065\004\101\004\102\004\062\004\060\000\040\004\101\004\073\004\076\004\065\004\062}{chapter.4}% 49
\BOOKMARK [1][-]{section.4.4}{\376\377\004\030\004\101\004\101\004\073\004\065\004\064\004\076\004\062\004\060\004\075\004\070\004\065\000\040\004\102\004\100\004\065\004\061\004\103\004\065\004\074\004\076\004\063\004\076\000\040\004\072\004\076\004\073\004\070\004\107\004\065\004\101\004\102\004\062\004\060\000\040\004\101\004\073\004\076\004\065\004\062\000\040\004\064\004\073\004\117\000\040\004\074\004\076\004\064\004\065\004\073\004\070\000\040\004\075\004\065\004\071\004\100\004\076\004\075\004\075\004\076\004\071\000\040\004\101\004\065\004\102\004\070}{chapter.4}% 50
\BOOKMARK [1][-]{section.4.5}{\376\377\004\036\004\106\004\065\004\075\004\072\004\060\000\040\004\100\004\060\004\067\004\100\004\060\004\061\004\076\004\102\004\060\004\075\004\075\004\076\004\063\004\076\000\040\004\077\004\100\004\076\004\063\004\100\004\060\004\074\004\074\004\075\004\076\004\063\004\076\000\040\004\076\004\061\004\065\004\101\004\077\004\065\004\107\004\065\004\075\004\070\004\117}{chapter.4}% 51
\BOOKMARK [0][-]{chapter*.29}{\376\377\004\027\004\020\004\032\004\033\004\056\004\047\004\025\004\035\004\030\004\025}{}% 52
\BOOKMARK [0][-]{chapter*.30}{\376\377\004\041\004\037\004\030\004\041\004\036\004\032\000\040\004\030\004\041\004\037\004\036\004\033\004\054\004\027\004\036\004\022\004\020\004\035\004\035\004\053\004\045\000\040\004\030\004\041\004\042\004\036\004\047\004\035\004\030\004\032\004\036\004\022}{}% 53
\BOOKMARK [0][-]{chapter*.30}{\376\377\004\037\004\040\004\030\004\033\004\036\004\026\004\025\004\035\004\030\004\025\000\040\004\020}{}% 54
